;  LST file generated by mikroListExporter - v.2.0 
; Date/Time: 8/10/2024 2:33:59 AM
;----------------------------------------------

;Address Opcode 	ASM
0x0000	0x2883      	GOTO       131
_interrupt:
0x0004	0x00FF      	MOVWF      R15
0x0005	0x0E03      	SWAPF      STATUS, 0
0x0006	0x0183      	CLRF       STATUS
0x0007	0x00AE      	MOVWF      ___saveSTATUS
0x0008	0x080A      	MOVF       PCLATH, 0
0x0009	0x00AD      	MOVWF      ___savePCLATH
0x000A	0x018A      	CLRF       PCLATH
0x000B	0x0870      	MOVF       R0, 0
0x000C	0x00A3      	MOVWF      35
0x000D	0x087B      	MOVF       R11, 0
0x000E	0x00A2      	MOVWF      34
0x000F	0x087C      	MOVF       R12, 0
0x0010	0x00A1      	MOVWF      33
0x0011	0x087D      	MOVF       R13, 0
0x0012	0x00A0      	MOVWF      32
;MyProject.c,116 :: 		void interrupt(){
;MyProject.c,117 :: 		portA=0;portc=0;portE=0;portb=0;PORTD =0;
0x0013	0x0185      	CLRF       PORTA
0x0014	0x0187      	CLRF       PORTC
0x0015	0x0189      	CLRF       PORTE
0x0016	0x0186      	CLRF       PORTB
0x0017	0x0188      	CLRF       PORTD
;MyProject.c,118 :: 		for(;i>=0;i--){
L_interrupt44:
0x0018	0x3000      	MOVLW      0
0x0019	0x0224      	SUBWF      _i, 0
0x001A	0x1C03      	BTFSS      STATUS, 0
0x001B	0x283C      	GOTO       L_interrupt45
;MyProject.c,119 :: 		portB.B6=1;
0x001C	0x1706      	BSF        PORTB, 6
;MyProject.c,120 :: 		portB.B3=1;
0x001D	0x1586      	BSF        PORTB, 3
;MyProject.c,121 :: 		portc=i;
0x001E	0x0824      	MOVF       _i, 0
0x001F	0x0087      	MOVWF      PORTC
;MyProject.c,122 :: 		portd=i;
0x0020	0x0824      	MOVF       _i, 0
0x0021	0x0088      	MOVWF      PORTD
;MyProject.c,123 :: 		dm(1000);
0x0022	0x300B      	MOVLW      11
0x0023	0x00FB      	MOVWF      R11
0x0024	0x3026      	MOVLW      38
0x0025	0x00FC      	MOVWF      R12
0x0026	0x305D      	MOVLW      93
0x0027	0x00FD      	MOVWF      R13
L_interrupt47:
0x0028	0x0BFD      	DECFSZ     R13, 1
0x0029	0x2828      	GOTO       L_interrupt47
0x002A	0x0BFC      	DECFSZ     R12, 1
0x002B	0x2828      	GOTO       L_interrupt47
0x002C	0x0BFB      	DECFSZ     R11, 1
0x002D	0x2828      	GOTO       L_interrupt47
0x002E	0x0000      	NOP
0x002F	0x0000      	NOP
;MyProject.c,124 :: 		if(portB.B0==1){break;}
0x0030	0x1C06      	BTFSS      PORTB, 0
0x0031	0x2833      	GOTO       L_interrupt48
0x0032	0x283C      	GOTO       L_interrupt45
L_interrupt48:
;MyProject.c,125 :: 		if(i==0){i=3; break;}
0x0033	0x0824      	MOVF       _i, 0
0x0034	0x3A00      	XORLW      0
0x0035	0x1D03      	BTFSS      STATUS, 2
0x0036	0x283A      	GOTO       L_interrupt49
0x0037	0x3003      	MOVLW      3
0x0038	0x00A4      	MOVWF      _i
0x0039	0x283C      	GOTO       L_interrupt45
L_interrupt49:
;MyProject.c,118 :: 		for(;i>=0;i--){
0x003A	0x03A4      	DECF       _i, 1
;MyProject.c,126 :: 		}
0x003B	0x2818      	GOTO       L_interrupt44
L_interrupt45:
;MyProject.c,127 :: 		if(INTF_bit==1) {
0x003C	0x1C8B      	BTFSS      INTF_bit, BitPos(INTF_bit+0)
0x003D	0x2861      	GOTO       L_interrupt50
;MyProject.c,130 :: 		while(1){
L_interrupt51:
;MyProject.c,131 :: 		while(portB.B1==1){   //west
L_interrupt53:
0x003E	0x1C86      	BTFSS      PORTB, 1
0x003F	0x284A      	GOTO       L_interrupt54
;MyProject.c,132 :: 		portB.B4=1;
0x0040	0x1606      	BSF        PORTB, 4
;MyProject.c,133 :: 		portB.B5=1;
0x0041	0x1686      	BSF        PORTB, 5
;MyProject.c,134 :: 		portB.B2=0;
0x0042	0x1106      	BCF        PORTB, 2
;MyProject.c,135 :: 		portB.B7=0;
0x0043	0x1386      	BCF        PORTB, 7
;MyProject.c,136 :: 		portB.B6=0;
0x0044	0x1306      	BCF        PORTB, 6
;MyProject.c,137 :: 		portB.B3=0;
0x0045	0x1186      	BCF        PORTB, 3
;MyProject.c,138 :: 		if(portB.B0==1){break;}
0x0046	0x1C06      	BTFSS      PORTB, 0
0x0047	0x2849      	GOTO       L_interrupt55
0x0048	0x284A      	GOTO       L_interrupt54
L_interrupt55:
;MyProject.c,139 :: 		}
0x0049	0x283E      	GOTO       L_interrupt53
L_interrupt54:
;MyProject.c,140 :: 		while(portB.B1==0){ //south
L_interrupt56:
0x004A	0x1886      	BTFSC      PORTB, 1
0x004B	0x2856      	GOTO       L_interrupt57
;MyProject.c,141 :: 		portB.B2=1;
0x004C	0x1506      	BSF        PORTB, 2
;MyProject.c,142 :: 		portB.B7=1;
0x004D	0x1786      	BSF        PORTB, 7
;MyProject.c,143 :: 		portB.B4=0;
0x004E	0x1206      	BCF        PORTB, 4
;MyProject.c,144 :: 		portB.B5=0;
0x004F	0x1286      	BCF        PORTB, 5
;MyProject.c,145 :: 		portB.B6=0;
0x0050	0x1306      	BCF        PORTB, 6
;MyProject.c,146 :: 		portB.B3=0;
0x0051	0x1186      	BCF        PORTB, 3
;MyProject.c,147 :: 		if(portB.B0==1){break;}
0x0052	0x1C06      	BTFSS      PORTB, 0
0x0053	0x2855      	GOTO       L_interrupt58
0x0054	0x2856      	GOTO       L_interrupt57
L_interrupt58:
;MyProject.c,148 :: 		}
0x0055	0x284A      	GOTO       L_interrupt56
L_interrupt57:
;MyProject.c,149 :: 		if(portB.B0==1){break;}
0x0056	0x1C06      	BTFSS      PORTB, 0
0x0057	0x2859      	GOTO       L_interrupt59
0x0058	0x285A      	GOTO       L_interrupt52
L_interrupt59:
;MyProject.c,151 :: 		}
0x0059	0x283E      	GOTO       L_interrupt51
L_interrupt52:
;MyProject.c,152 :: 		portB.B4=0;
0x005A	0x1206      	BCF        PORTB, 4
;MyProject.c,153 :: 		portB.B5=0;
0x005B	0x1286      	BCF        PORTB, 5
;MyProject.c,154 :: 		portB.B2=0;
0x005C	0x1106      	BCF        PORTB, 2
;MyProject.c,155 :: 		portB.B7=0;
0x005D	0x1386      	BCF        PORTB, 7
;MyProject.c,156 :: 		portB.B6=0;
0x005E	0x1306      	BCF        PORTB, 6
;MyProject.c,157 :: 		portB.B3=0;
0x005F	0x1186      	BCF        PORTB, 3
;MyProject.c,158 :: 		INTF_bit=0;
0x0060	0x108B      	BCF        INTF_bit, BitPos(INTF_bit+0)
;MyProject.c,159 :: 		}
L_interrupt50:
;MyProject.c,161 :: 		}
L_end_interrupt:
L__interrupt70:
0x0061	0x0823      	MOVF       35, 0
0x0062	0x00F0      	MOVWF      R0
0x0063	0x0822      	MOVF       34, 0
0x0064	0x00FB      	MOVWF      R11
0x0065	0x0821      	MOVF       33, 0
0x0066	0x00FC      	MOVWF      R12
0x0067	0x0820      	MOVF       32, 0
0x0068	0x00FD      	MOVWF      R13
0x0069	0x082D      	MOVF       ___savePCLATH, 0
0x006A	0x008A      	MOVWF      PCLATH
0x006B	0x0E2E      	SWAPF      ___saveSTATUS, 0
0x006C	0x0083      	MOVWF      STATUS
0x006D	0x0EFF      	SWAPF      R15, 1
0x006E	0x0E7F      	SWAPF      R15, 0
0x006F	0x0009      	RETFIE
; end of _interrupt
_____DoICP:
;__Lib_System.c,6 :: 		
;__Lib_System.c,9 :: 		
0x0070	0x1283      	BCF        STATUS, 5
0x0071	0x1303      	BCF        STATUS, 6
0x0072	0x082A      	MOVF       ___DoICPAddr+1, 0
0x0073	0x008A      	MOVWF      PCLATH
;__Lib_System.c,10 :: 		
0x0074	0x0829      	MOVF       ___DoICPAddr, 0
0x0075	0x0082      	MOVWF      PCL
;__Lib_System.c,12 :: 		
L_end_____DoICP:
0x0076	0x0008      	RETURN
; end of _____DoICP
___CC2DW:
;__Lib_System.c,134 :: 		
;__Lib_System.c,137 :: 		
_CC2D_Loop1:
;__Lib_System.c,139 :: 		
0x0077	0x2070      	CALL       _____DoICP
0x0078	0x118A      	BCF        PCLATH, 3
0x0079	0x120A      	BCF        PCLATH, 4
;__Lib_System.c,141 :: 		
0x007A	0x0080      	MOVWF      INDF
;__Lib_System.c,142 :: 		
0x007B	0x0A84      	INCF       FSR, 1
;__Lib_System.c,143 :: 		
0x007C	0x0AA9      	INCF       ___DoICPAddr, 1
;__Lib_System.c,145 :: 		
0x007D	0x1903      	BTFSC      STATUS, 2
;__Lib_System.c,146 :: 		
0x007E	0x0AAA      	INCF       ___DoICPAddr+1, 1
;__Lib_System.c,147 :: 		
0x007F	0x03F0      	DECF       R0, 1
;__Lib_System.c,149 :: 		
0x0080	0x1D03      	BTFSS      STATUS, 2
;__Lib_System.c,150 :: 		
0x0081	0x2877      	GOTO       _CC2D_Loop1
;__Lib_System.c,152 :: 		
L_end___CC2DW:
0x0082	0x0008      	RETURN
; end of ___CC2DW
_main:
0x0083	0x3003      	MOVLW      3
0x0084	0x1283      	BCF        STATUS, 5
0x0085	0x1303      	BCF        STATUS, 6
0x0086	0x00A4      	MOVWF      _i
0x0087	0x01A5      	CLRF       _c3
0x0088	0x01A6      	CLRF       _c1
0x0089	0x01A7      	CLRF       _c2
0x008A	0x01A8      	CLRF       _c4
;MyProject.c,5 :: 		void main() {
;MyProject.c,6 :: 		ADCON1=0110;
0x008B	0x3048      	MOVLW      72
0x008C	0x1683      	BSF        STATUS, 5
0x008D	0x009F      	MOVWF      ADCON1
;MyProject.c,7 :: 		TRISB =0b00000011;TRISC=0;   TRISA=0;   TRISE=0;   TRISD=0;
0x008E	0x3003      	MOVLW      3
0x008F	0x0086      	MOVWF      TRISB
0x0090	0x0187      	CLRF       TRISC
0x0091	0x0185      	CLRF       TRISA
0x0092	0x0189      	CLRF       TRISE
0x0093	0x0188      	CLRF       TRISD
;MyProject.c,8 :: 		portA=0;portc=0;portE=0;portb=0;PORTD =0;
0x0094	0x1283      	BCF        STATUS, 5
0x0095	0x0185      	CLRF       PORTA
0x0096	0x0187      	CLRF       PORTC
0x0097	0x0189      	CLRF       PORTE
0x0098	0x0186      	CLRF       PORTB
0x0099	0x0188      	CLRF       PORTD
;MyProject.c,9 :: 		GIE_bit=1;INTE_bit=1;INTEDG_bit=0;
0x009A	0x178B      	BSF        GIE_bit, BitPos(GIE_bit+0)
0x009B	0x160B      	BSF        INTE_bit, BitPos(INTE_bit+0)
0x009C	0x1683      	BSF        STATUS, 5
0x009D	0x1301      	BCF        INTEDG_bit, BitPos(INTEDG_bit+0)
;MyProject.c,10 :: 		while(1){
L_main0:
;MyProject.c,11 :: 		c1=1;c2=5;c3=1;c4=2;
0x009E	0x3001      	MOVLW      1
0x009F	0x1283      	BCF        STATUS, 5
0x00A0	0x00A6      	MOVWF      _c1
0x00A1	0x3005      	MOVLW      5
0x00A2	0x00A7      	MOVWF      _c2
0x00A3	0x3001      	MOVLW      1
0x00A4	0x00A5      	MOVWF      _c3
0x00A5	0x3002      	MOVLW      2
0x00A6	0x00A8      	MOVWF      _c4
;MyProject.c,12 :: 		bol=1;
0x00A7	0x3001      	MOVLW      1
0x00A8	0x00AC      	MOVWF      _bol
;MyProject.c,13 :: 		while(1){
L_main2:
;MyProject.c,14 :: 		portb.B2=1;
0x00A9	0x1506      	BSF        PORTB, 2
;MyProject.c,15 :: 		if(bol){
0x00AA	0x082C      	MOVF       _bol, 0
0x00AB	0x1903      	BTFSC      STATUS, 2
0x00AC	0x28AF      	GOTO       L_main4
;MyProject.c,16 :: 		portb.B7=1;
0x00AD	0x1786      	BSF        PORTB, 7
;MyProject.c,17 :: 		}else{ portb.B6=1;}
0x00AE	0x28B0      	GOTO       L_main5
L_main4:
0x00AF	0x1706      	BSF        PORTB, 6
L_main5:
;MyProject.c,18 :: 		portA=c3; portD=c4;
0x00B0	0x0825      	MOVF       _c3, 0
0x00B1	0x0085      	MOVWF      PORTA
0x00B2	0x0828      	MOVF       _c4, 0
0x00B3	0x0088      	MOVWF      PORTD
;MyProject.c,19 :: 		portE=c1; portc=c2;
0x00B4	0x0826      	MOVF       _c1, 0
0x00B5	0x0089      	MOVWF      PORTE
0x00B6	0x0827      	MOVF       _c2, 0
0x00B7	0x0087      	MOVWF      PORTC
;MyProject.c,20 :: 		dm(1000);
0x00B8	0x300B      	MOVLW      11
0x00B9	0x00FB      	MOVWF      R11
0x00BA	0x3026      	MOVLW      38
0x00BB	0x00FC      	MOVWF      R12
0x00BC	0x305D      	MOVLW      93
0x00BD	0x00FD      	MOVWF      R13
L_main6:
0x00BE	0x0BFD      	DECFSZ     R13, 1
0x00BF	0x28BE      	GOTO       L_main6
0x00C0	0x0BFC      	DECFSZ     R12, 1
0x00C1	0x28BE      	GOTO       L_main6
0x00C2	0x0BFB      	DECFSZ     R11, 1
0x00C3	0x28BE      	GOTO       L_main6
0x00C4	0x0000      	NOP
0x00C5	0x0000      	NOP
;MyProject.c,22 :: 		c2--;
0x00C6	0x03A7      	DECF       _c2, 1
;MyProject.c,23 :: 		c4--;
0x00C7	0x03A8      	DECF       _c4, 1
;MyProject.c,24 :: 		if(c1==0&&c2==0){
0x00C8	0x0826      	MOVF       _c1, 0
0x00C9	0x3A00      	XORLW      0
0x00CA	0x1D03      	BTFSS      STATUS, 2
0x00CB	0x28E7      	GOTO       L_main9
0x00CC	0x0827      	MOVF       _c2, 0
0x00CD	0x3A00      	XORLW      0
0x00CE	0x1D03      	BTFSS      STATUS, 2
0x00CF	0x28E7      	GOTO       L_main9
L__main67:
;MyProject.c,25 :: 		portE=c1; portc=c2;
0x00D0	0x0826      	MOVF       _c1, 0
0x00D1	0x0089      	MOVWF      PORTE
0x00D2	0x0827      	MOVF       _c2, 0
0x00D3	0x0087      	MOVWF      PORTC
;MyProject.c,26 :: 		portA=c3; portD=c4;
0x00D4	0x0825      	MOVF       _c3, 0
0x00D5	0x0085      	MOVWF      PORTA
0x00D6	0x0828      	MOVF       _c4, 0
0x00D7	0x0088      	MOVWF      PORTD
;MyProject.c,27 :: 		dm(1000);
0x00D8	0x300B      	MOVLW      11
0x00D9	0x00FB      	MOVWF      R11
0x00DA	0x3026      	MOVLW      38
0x00DB	0x00FC      	MOVWF      R12
0x00DC	0x305D      	MOVLW      93
0x00DD	0x00FD      	MOVWF      R13
L_main10:
0x00DE	0x0BFD      	DECFSZ     R13, 1
0x00DF	0x28DE      	GOTO       L_main10
0x00E0	0x0BFC      	DECFSZ     R12, 1
0x00E1	0x28DE      	GOTO       L_main10
0x00E2	0x0BFB      	DECFSZ     R11, 1
0x00E3	0x28DE      	GOTO       L_main10
0x00E4	0x0000      	NOP
0x00E5	0x0000      	NOP
;MyProject.c,28 :: 		break;
0x00E6	0x2950      	GOTO       L_main3
;MyProject.c,29 :: 		}
L_main9:
;MyProject.c,30 :: 		if(c2==0&&c1!=0){
0x00E7	0x0827      	MOVF       _c2, 0
0x00E8	0x3A00      	XORLW      0
0x00E9	0x1D03      	BTFSS      STATUS, 2
0x00EA	0x2909      	GOTO       L_main13
0x00EB	0x0826      	MOVF       _c1, 0
0x00EC	0x3A00      	XORLW      0
0x00ED	0x1903      	BTFSC      STATUS, 2
0x00EE	0x2909      	GOTO       L_main13
L__main66:
;MyProject.c,32 :: 		portE=c1; portc=c2;
0x00EF	0x0826      	MOVF       _c1, 0
0x00F0	0x0089      	MOVWF      PORTE
0x00F1	0x0827      	MOVF       _c2, 0
0x00F2	0x0087      	MOVWF      PORTC
;MyProject.c,33 :: 		portA=c3; portD=c4;
0x00F3	0x0825      	MOVF       _c3, 0
0x00F4	0x0085      	MOVWF      PORTA
0x00F5	0x0828      	MOVF       _c4, 0
0x00F6	0x0088      	MOVWF      PORTD
;MyProject.c,34 :: 		c4--;
0x00F7	0x03A8      	DECF       _c4, 1
;MyProject.c,35 :: 		dm(1000);
0x00F8	0x300B      	MOVLW      11
0x00F9	0x00FB      	MOVWF      R11
0x00FA	0x3026      	MOVLW      38
0x00FB	0x00FC      	MOVWF      R12
0x00FC	0x305D      	MOVLW      93
0x00FD	0x00FD      	MOVWF      R13
L_main14:
0x00FE	0x0BFD      	DECFSZ     R13, 1
0x00FF	0x28FE      	GOTO       L_main14
0x0100	0x0BFC      	DECFSZ     R12, 1
0x0101	0x28FE      	GOTO       L_main14
0x0102	0x0BFB      	DECFSZ     R11, 1
0x0103	0x28FE      	GOTO       L_main14
0x0104	0x0000      	NOP
0x0105	0x0000      	NOP
;MyProject.c,36 :: 		c1--;
0x0106	0x03A6      	DECF       _c1, 1
;MyProject.c,37 :: 		c2=9;
0x0107	0x3009      	MOVLW      9
0x0108	0x00A7      	MOVWF      _c2
;MyProject.c,38 :: 		}
L_main13:
;MyProject.c,39 :: 		if(c4==0&&c3!=0){
0x0109	0x0828      	MOVF       _c4, 0
0x010A	0x3A00      	XORLW      0
0x010B	0x1D03      	BTFSS      STATUS, 2
0x010C	0x292B      	GOTO       L_main17
0x010D	0x0825      	MOVF       _c3, 0
0x010E	0x3A00      	XORLW      0
0x010F	0x1903      	BTFSC      STATUS, 2
0x0110	0x292B      	GOTO       L_main17
L__main65:
;MyProject.c,41 :: 		portA=c3; portD=c4;
0x0111	0x0825      	MOVF       _c3, 0
0x0112	0x0085      	MOVWF      PORTA
0x0113	0x0828      	MOVF       _c4, 0
0x0114	0x0088      	MOVWF      PORTD
;MyProject.c,42 :: 		portE=c1; portc=c2;
0x0115	0x0826      	MOVF       _c1, 0
0x0116	0x0089      	MOVWF      PORTE
0x0117	0x0827      	MOVF       _c2, 0
0x0118	0x0087      	MOVWF      PORTC
;MyProject.c,43 :: 		c2--;
0x0119	0x03A7      	DECF       _c2, 1
;MyProject.c,44 :: 		dm(1000);
0x011A	0x300B      	MOVLW      11
0x011B	0x00FB      	MOVWF      R11
0x011C	0x3026      	MOVLW      38
0x011D	0x00FC      	MOVWF      R12
0x011E	0x305D      	MOVLW      93
0x011F	0x00FD      	MOVWF      R13
L_main18:
0x0120	0x0BFD      	DECFSZ     R13, 1
0x0121	0x2920      	GOTO       L_main18
0x0122	0x0BFC      	DECFSZ     R12, 1
0x0123	0x2920      	GOTO       L_main18
0x0124	0x0BFB      	DECFSZ     R11, 1
0x0125	0x2920      	GOTO       L_main18
0x0126	0x0000      	NOP
0x0127	0x0000      	NOP
;MyProject.c,45 :: 		c3--;
0x0128	0x03A5      	DECF       _c3, 1
;MyProject.c,46 :: 		c4=9;
0x0129	0x3009      	MOVLW      9
0x012A	0x00A8      	MOVWF      _c4
;MyProject.c,48 :: 		}
L_main17:
;MyProject.c,49 :: 		if(c3==0 &&c4==0){
0x012B	0x0825      	MOVF       _c3, 0
0x012C	0x3A00      	XORLW      0
0x012D	0x1D03      	BTFSS      STATUS, 2
0x012E	0x294F      	GOTO       L_main21
0x012F	0x0828      	MOVF       _c4, 0
0x0130	0x3A00      	XORLW      0
0x0131	0x1D03      	BTFSS      STATUS, 2
0x0132	0x294F      	GOTO       L_main21
L__main64:
;MyProject.c,50 :: 		portE=c1; portc=c2;
0x0133	0x0826      	MOVF       _c1, 0
0x0134	0x0089      	MOVWF      PORTE
0x0135	0x0827      	MOVF       _c2, 0
0x0136	0x0087      	MOVWF      PORTC
;MyProject.c,51 :: 		portA=c3; portD=c4;
0x0137	0x0825      	MOVF       _c3, 0
0x0138	0x0085      	MOVWF      PORTA
0x0139	0x0828      	MOVF       _c4, 0
0x013A	0x0088      	MOVWF      PORTD
;MyProject.c,52 :: 		dm(1000);
0x013B	0x300B      	MOVLW      11
0x013C	0x00FB      	MOVWF      R11
0x013D	0x3026      	MOVLW      38
0x013E	0x00FC      	MOVWF      R12
0x013F	0x305D      	MOVLW      93
0x0140	0x00FD      	MOVWF      R13
L_main22:
0x0141	0x0BFD      	DECFSZ     R13, 1
0x0142	0x2941      	GOTO       L_main22
0x0143	0x0BFC      	DECFSZ     R12, 1
0x0144	0x2941      	GOTO       L_main22
0x0145	0x0BFB      	DECFSZ     R11, 1
0x0146	0x2941      	GOTO       L_main22
0x0147	0x0000      	NOP
0x0148	0x0000      	NOP
;MyProject.c,53 :: 		c3=c1;c4=c2;
0x0149	0x0826      	MOVF       _c1, 0
0x014A	0x00A5      	MOVWF      _c3
0x014B	0x0827      	MOVF       _c2, 0
0x014C	0x00A8      	MOVWF      _c4
;MyProject.c,54 :: 		portb.B7=0;
0x014D	0x1386      	BCF        PORTB, 7
;MyProject.c,56 :: 		bol=0;
0x014E	0x01AC      	CLRF       _bol
;MyProject.c,57 :: 		}
L_main21:
;MyProject.c,59 :: 		}
0x014F	0x28A9      	GOTO       L_main2
L_main3:
;MyProject.c,60 :: 		portb.B6=0;
0x0150	0x1306      	BCF        PORTB, 6
;MyProject.c,61 :: 		portb.B2=0;
0x0151	0x1106      	BCF        PORTB, 2
;MyProject.c,62 :: 		c1=2;c2=0;c3=2;c4=3;
0x0152	0x3002      	MOVLW      2
0x0153	0x00A6      	MOVWF      _c1
0x0154	0x01A7      	CLRF       _c2
0x0155	0x3002      	MOVLW      2
0x0156	0x00A5      	MOVWF      _c3
0x0157	0x3003      	MOVLW      3
0x0158	0x00A8      	MOVWF      _c4
;MyProject.c,63 :: 		flag=1;
0x0159	0x3001      	MOVLW      1
0x015A	0x00AB      	MOVWF      _flag
;MyProject.c,64 :: 		while(1){
L_main23:
;MyProject.c,65 :: 		portb.B5=1;
0x015B	0x1686      	BSF        PORTB, 5
;MyProject.c,66 :: 		if(flag){portb.B4=1;}
0x015C	0x082B      	MOVF       _flag, 0
0x015D	0x1903      	BTFSC      STATUS, 2
0x015E	0x2961      	GOTO       L_main25
0x015F	0x1606      	BSF        PORTB, 4
0x0160	0x2962      	GOTO       L_main26
L_main25:
;MyProject.c,67 :: 		else{ portb.B3=1;}
0x0161	0x1586      	BSF        PORTB, 3
L_main26:
;MyProject.c,68 :: 		portA=c3; portD=c4;
0x0162	0x0825      	MOVF       _c3, 0
0x0163	0x0085      	MOVWF      PORTA
0x0164	0x0828      	MOVF       _c4, 0
0x0165	0x0088      	MOVWF      PORTD
;MyProject.c,69 :: 		portE=c1; portc=c2;
0x0166	0x0826      	MOVF       _c1, 0
0x0167	0x0089      	MOVWF      PORTE
0x0168	0x0827      	MOVF       _c2, 0
0x0169	0x0087      	MOVWF      PORTC
;MyProject.c,71 :: 		dm(1000);
0x016A	0x300B      	MOVLW      11
0x016B	0x00FB      	MOVWF      R11
0x016C	0x3026      	MOVLW      38
0x016D	0x00FC      	MOVWF      R12
0x016E	0x305D      	MOVLW      93
0x016F	0x00FD      	MOVWF      R13
L_main27:
0x0170	0x0BFD      	DECFSZ     R13, 1
0x0171	0x2970      	GOTO       L_main27
0x0172	0x0BFC      	DECFSZ     R12, 1
0x0173	0x2970      	GOTO       L_main27
0x0174	0x0BFB      	DECFSZ     R11, 1
0x0175	0x2970      	GOTO       L_main27
0x0176	0x0000      	NOP
0x0177	0x0000      	NOP
;MyProject.c,72 :: 		if(c2==0&&c1!=0){
0x0178	0x0827      	MOVF       _c2, 0
0x0179	0x3A00      	XORLW      0
0x017A	0x1D03      	BTFSS      STATUS, 2
0x017B	0x299A      	GOTO       L_main30
0x017C	0x0826      	MOVF       _c1, 0
0x017D	0x3A00      	XORLW      0
0x017E	0x1903      	BTFSC      STATUS, 2
0x017F	0x299A      	GOTO       L_main30
L__main63:
;MyProject.c,73 :: 		c1--;
0x0180	0x03A6      	DECF       _c1, 1
;MyProject.c,74 :: 		c2=9;  c4--;
0x0181	0x3009      	MOVLW      9
0x0182	0x00A7      	MOVWF      _c2
0x0183	0x03A8      	DECF       _c4, 1
;MyProject.c,75 :: 		portE=c1; portc=c2;
0x0184	0x0826      	MOVF       _c1, 0
0x0185	0x0089      	MOVWF      PORTE
0x0186	0x3009      	MOVLW      9
0x0187	0x0087      	MOVWF      PORTC
;MyProject.c,76 :: 		portA=c3; portD=c4;
0x0188	0x0825      	MOVF       _c3, 0
0x0189	0x0085      	MOVWF      PORTA
0x018A	0x0828      	MOVF       _c4, 0
0x018B	0x0088      	MOVWF      PORTD
;MyProject.c,78 :: 		dm(1000);
0x018C	0x300B      	MOVLW      11
0x018D	0x00FB      	MOVWF      R11
0x018E	0x3026      	MOVLW      38
0x018F	0x00FC      	MOVWF      R12
0x0190	0x305D      	MOVLW      93
0x0191	0x00FD      	MOVWF      R13
L_main31:
0x0192	0x0BFD      	DECFSZ     R13, 1
0x0193	0x2992      	GOTO       L_main31
0x0194	0x0BFC      	DECFSZ     R12, 1
0x0195	0x2992      	GOTO       L_main31
0x0196	0x0BFB      	DECFSZ     R11, 1
0x0197	0x2992      	GOTO       L_main31
0x0198	0x0000      	NOP
0x0199	0x0000      	NOP
;MyProject.c,80 :: 		}
L_main30:
;MyProject.c,81 :: 		c2--;
0x019A	0x03A7      	DECF       _c2, 1
;MyProject.c,82 :: 		c4--;
0x019B	0x03A8      	DECF       _c4, 1
;MyProject.c,83 :: 		if(c1==0&&c2==0){
0x019C	0x0826      	MOVF       _c1, 0
0x019D	0x3A00      	XORLW      0
0x019E	0x1D03      	BTFSS      STATUS, 2
0x019F	0x29C0      	GOTO       L_main34
0x01A0	0x0827      	MOVF       _c2, 0
0x01A1	0x3A00      	XORLW      0
0x01A2	0x1D03      	BTFSS      STATUS, 2
0x01A3	0x29C0      	GOTO       L_main34
L__main62:
;MyProject.c,84 :: 		portE=c1; portc=c2;
0x01A4	0x0826      	MOVF       _c1, 0
0x01A5	0x0089      	MOVWF      PORTE
0x01A6	0x0827      	MOVF       _c2, 0
0x01A7	0x0087      	MOVWF      PORTC
;MyProject.c,85 :: 		portA=c3; portD=c4;
0x01A8	0x0825      	MOVF       _c3, 0
0x01A9	0x0085      	MOVWF      PORTA
0x01AA	0x0828      	MOVF       _c4, 0
0x01AB	0x0088      	MOVWF      PORTD
;MyProject.c,86 :: 		dm(1000);
0x01AC	0x300B      	MOVLW      11
0x01AD	0x00FB      	MOVWF      R11
0x01AE	0x3026      	MOVLW      38
0x01AF	0x00FC      	MOVWF      R12
0x01B0	0x305D      	MOVLW      93
0x01B1	0x00FD      	MOVWF      R13
L_main35:
0x01B2	0x0BFD      	DECFSZ     R13, 1
0x01B3	0x29B2      	GOTO       L_main35
0x01B4	0x0BFC      	DECFSZ     R12, 1
0x01B5	0x29B2      	GOTO       L_main35
0x01B6	0x0BFB      	DECFSZ     R11, 1
0x01B7	0x29B2      	GOTO       L_main35
0x01B8	0x0000      	NOP
0x01B9	0x0000      	NOP
;MyProject.c,87 :: 		c1=c3;c2=c4;
0x01BA	0x0825      	MOVF       _c3, 0
0x01BB	0x00A6      	MOVWF      _c1
0x01BC	0x0828      	MOVF       _c4, 0
0x01BD	0x00A7      	MOVWF      _c2
;MyProject.c,88 :: 		portb.B4=0;
0x01BE	0x1206      	BCF        PORTB, 4
;MyProject.c,90 :: 		flag=0;
0x01BF	0x01AB      	CLRF       _flag
;MyProject.c,91 :: 		}
L_main34:
;MyProject.c,93 :: 		if(c4==0&&c3!=0){
0x01C0	0x0828      	MOVF       _c4, 0
0x01C1	0x3A00      	XORLW      0
0x01C2	0x1D03      	BTFSS      STATUS, 2
0x01C3	0x29E2      	GOTO       L_main38
0x01C4	0x0825      	MOVF       _c3, 0
0x01C5	0x3A00      	XORLW      0
0x01C6	0x1903      	BTFSC      STATUS, 2
0x01C7	0x29E2      	GOTO       L_main38
L__main61:
;MyProject.c,95 :: 		portA=c3; portD=c4;
0x01C8	0x0825      	MOVF       _c3, 0
0x01C9	0x0085      	MOVWF      PORTA
0x01CA	0x0828      	MOVF       _c4, 0
0x01CB	0x0088      	MOVWF      PORTD
;MyProject.c,96 :: 		portE=c1; portc=c2;
0x01CC	0x0826      	MOVF       _c1, 0
0x01CD	0x0089      	MOVWF      PORTE
0x01CE	0x0827      	MOVF       _c2, 0
0x01CF	0x0087      	MOVWF      PORTC
;MyProject.c,97 :: 		c2--;
0x01D0	0x03A7      	DECF       _c2, 1
;MyProject.c,98 :: 		dm(1000);
0x01D1	0x300B      	MOVLW      11
0x01D2	0x00FB      	MOVWF      R11
0x01D3	0x3026      	MOVLW      38
0x01D4	0x00FC      	MOVWF      R12
0x01D5	0x305D      	MOVLW      93
0x01D6	0x00FD      	MOVWF      R13
L_main39:
0x01D7	0x0BFD      	DECFSZ     R13, 1
0x01D8	0x29D7      	GOTO       L_main39
0x01D9	0x0BFC      	DECFSZ     R12, 1
0x01DA	0x29D7      	GOTO       L_main39
0x01DB	0x0BFB      	DECFSZ     R11, 1
0x01DC	0x29D7      	GOTO       L_main39
0x01DD	0x0000      	NOP
0x01DE	0x0000      	NOP
;MyProject.c,99 :: 		c3--;
0x01DF	0x03A5      	DECF       _c3, 1
;MyProject.c,100 :: 		c4=9;
0x01E0	0x3009      	MOVLW      9
0x01E1	0x00A8      	MOVWF      _c4
;MyProject.c,102 :: 		}
L_main38:
;MyProject.c,103 :: 		if(c3==0 &&c4==0){
0x01E2	0x0825      	MOVF       _c3, 0
0x01E3	0x3A00      	XORLW      0
0x01E4	0x1D03      	BTFSS      STATUS, 2
0x01E5	0x2A01      	GOTO       L_main42
0x01E6	0x0828      	MOVF       _c4, 0
0x01E7	0x3A00      	XORLW      0
0x01E8	0x1D03      	BTFSS      STATUS, 2
0x01E9	0x2A01      	GOTO       L_main42
L__main60:
;MyProject.c,104 :: 		portE=c1; portc=c2;
0x01EA	0x0826      	MOVF       _c1, 0
0x01EB	0x0089      	MOVWF      PORTE
0x01EC	0x0827      	MOVF       _c2, 0
0x01ED	0x0087      	MOVWF      PORTC
;MyProject.c,105 :: 		portA=c3; portD=c4;
0x01EE	0x0825      	MOVF       _c3, 0
0x01EF	0x0085      	MOVWF      PORTA
0x01F0	0x0828      	MOVF       _c4, 0
0x01F1	0x0088      	MOVWF      PORTD
;MyProject.c,106 :: 		dm(1000);
0x01F2	0x300B      	MOVLW      11
0x01F3	0x00FB      	MOVWF      R11
0x01F4	0x3026      	MOVLW      38
0x01F5	0x00FC      	MOVWF      R12
0x01F6	0x305D      	MOVLW      93
0x01F7	0x00FD      	MOVWF      R13
L_main43:
0x01F8	0x0BFD      	DECFSZ     R13, 1
0x01F9	0x29F8      	GOTO       L_main43
0x01FA	0x0BFC      	DECFSZ     R12, 1
0x01FB	0x29F8      	GOTO       L_main43
0x01FC	0x0BFB      	DECFSZ     R11, 1
0x01FD	0x29F8      	GOTO       L_main43
0x01FE	0x0000      	NOP
0x01FF	0x0000      	NOP
;MyProject.c,107 :: 		break;
0x0200	0x2A02      	GOTO       L_main24
;MyProject.c,108 :: 		}
L_main42:
;MyProject.c,110 :: 		}
0x0201	0x295B      	GOTO       L_main23
L_main24:
;MyProject.c,112 :: 		portb.B5=0;
0x0202	0x1286      	BCF        PORTB, 5
;MyProject.c,113 :: 		portb.B3=0;
0x0203	0x1186      	BCF        PORTB, 3
;MyProject.c,114 :: 		}
0x0204	0x289E      	GOTO       L_main0
;MyProject.c,115 :: 		}
L_end_main:
0x0205	0x2A05      	GOTO       $+0
; end of _main
Symbol List:
//** Routines locations **
//ADDRESS    SIZE    PROCEDURE
//----------------------------------------------
0x0004     [108]    _interrupt
0x0070       [7]    _____DoICP
0x0077      [12]    ___CC2DW
0x0083     [387]    _main
//** Variables locations ** 
//ADDRESS    SIZE    VARIABLE
//----------------------------------------------
0x0000       [1]    INDF
0x0002       [1]    PCL
0x0003       [1]    STATUS
0x0004       [1]    FSR
0x0005       [1]    PORTA
0x0006       [1]    PORTB
0x0007       [1]    PORTC
0x0008       [1]    PORTD
0x0009       [1]    PORTE
0x000A       [1]    PCLATH
0x000B       [0]    INTE_bit
0x000B       [0]    GIE_bit
0x000B       [0]    INTF_bit
0x0024       [1]    _i
0x0025       [1]    _c3
0x0026       [1]    _c1
0x0027       [1]    _c2
0x0028       [1]    _c4
0x0029       [2]    ___DoICPAddr
0x002B       [1]    _flag
0x002C       [1]    _bol
0x002D       [1]    ___savePCLATH
0x002E       [1]    ___saveSTATUS
0x0070       [1]    R0
0x0071       [1]    R1
0x0072       [1]    R2
0x0073       [1]    R3
0x0074       [1]    R4
0x0075       [1]    R5
0x0076       [1]    R6
0x0077       [1]    R7
0x0078       [1]    R8
0x0079       [1]    R9
0x007A       [1]    R10
0x007B       [1]    R11
0x007C       [1]    R12
0x007D       [1]    R13
0x007E       [1]    R14
0x007F       [1]    R15
0x0081       [0]    INTEDG_bit
0x0085       [1]    TRISA
0x0086       [1]    TRISB
0x0087       [1]    TRISC
0x0088       [1]    TRISD
0x0089       [1]    TRISE
0x009F       [1]    ADCON1
